<?xml version="1.0" encoding="UTF-8"?>
<!-- Generated by org.testng.reporters.JUnitReportReporter -->
<testsuite hostname="DESKTOP-BF2QF85" name="NativeAppAutomation.Cars24" tests="2" failures="0" timestamp="19 Sep 2019 13:39:27 GMT" time="20.085" errors="0">
  <testcase name="handlingDropDown" time="7.957" classname="NativeAppAutomation.Cars24"/>
  <testcase name="setUpAndroidDriver" time="12.128" classname="NativeAppAutomation.Cars24"/>
</testsuite> <!-- NativeAppAutomation.Cars24 -->
