<?xml version="1.0" encoding="UTF-8"?>
<!-- Generated by org.testng.reporters.JUnitReportReporter -->
<testsuite hostname="DESKTOP-BF2QF85" name="SwipeAndScroll.SwipeUpAndSwipeDown" tests="1" failures="0" timestamp="20 Sep 2019 05:45:51 GMT" time="36.050" errors="0">
  <testcase name="setup" time="36.050" classname="SwipeAndScroll.SwipeUpAndSwipeDown"/>
</testsuite> <!-- SwipeAndScroll.SwipeUpAndSwipeDown -->
